## Action: 2024-05-24
Started documentation pass for the following files:
- cmd/processor.go
- cmd/colors.go
- internal/scanner/scanner.go
- internal/cleaner/cleaner.go
- internal/config/config.go
- internal/scheduler/scheduler.go

Objective: Add GoDoc-compliant comments to all public and private functions, types, methods, and significant variables.
Status: Completed.
Files updated:
- cmd/processor.go
- cmd/colors.go
- internal/scanner/scanner.go
- internal/cleaner/cleaner.go
- internal/config/config.go
- internal/scheduler/scheduler.go
Verified: All tests passed.
Tue May 19 12:10:49 +08 2026
 - Started inline documentation pass.
Tue May 19 12:12:49 +08 2026
 - Inline documentation pass complete. All tests passed.
