## Prompt: 2024-05-24
Continue the documentation pass. 

### Remaining from Batch 1:
- cmd/processor.go
- cmd/colors.go

### Batch 2:
- internal/scanner/scanner.go
- internal/cleaner/cleaner.go
- internal/config/config.go
- internal/scheduler/scheduler.go

### Objective
Add GoDoc-compliant comments to all public AND private functions, types, methods, and significant variables in each file. Comments should be concise but descriptive, explaining both "what" the code does and the "why" (intent).

Ensure you use Go conventions (e.g., `// TypeName represents...`, `// MethodName does...`).
Refer to `AGENTS.md` for standards.
Tue May 19 12:10:49 +08 2026
 - Inline documentation pass on scanner, cleaner, processor, and scheduler.

## Prompt: 2026-05-19
1. Analyze and refactor scan/clean engine performance.
2. Implement single-pass scanner traversal.
3. Refactor Clean to parallel worker pool.
4. Add rigorous test suite with -race.
5. Standardize config files (Extensive.yml/default.yml/config.go).
6. Fix cron scheduling (6 fields).
7. Migrate storage from /tmp to persistent cache directory (~/Library/Caches/mls).
8. Implement agent management (install, start, stop, status, uninstall, restart).
9. Add 30-min missed task catch-up ticker.
10. Implement config reload via SIGHUP.
11. Standardize logs and documentation.
